2019-07-17T11:03:06.771Z - normal: Load ~/.CocosCreator/settings.json
2019-07-17T11:03:06.775Z - normal: checking language setting...
2019-07-17T11:03:06.776Z - normal: Language: zh
2019-07-17T11:03:08.461Z - success: protocol editor-framework registered
2019-07-17T11:03:08.461Z - success: protocol app registered
2019-07-17T11:03:08.461Z - success: protocol theme registered
2019-07-17T11:03:08.461Z - success: protocol packages registered
2019-07-17T11:03:08.461Z - success: protocol unpack registerred
2019-07-17T11:03:08.461Z - success: protocol disable-commonjs registerred
2019-07-17T11:03:08.652Z - normal: connected!
2019-07-17T11:03:08.654Z - normal: Check project C:\Users\gaoweixiang\Desktop\lianxi\start_project
2019-07-17T11:03:08.657Z - normal: Initializing project C:\Users\gaoweixiang\Desktop\lianxi\start_project
2019-07-17T11:03:08.663Z - normal: Initializing Cocos2d
2019-07-17T11:03:09.428Z - normal: Initializing Asset Database
2019-07-17T11:03:09.475Z - success: protocol uuid registerred
2019-07-17T11:03:09.475Z - success: protocol db registerred
2019-07-17T11:03:09.476Z - success: protocol thumbnail registerred
2019-07-17T11:03:09.476Z - normal: Loading editor/builtin packages
2019-07-17T11:03:09.651Z - success: assets loaded
2019-07-17T11:03:09.654Z - success: builder loaded
2019-07-17T11:03:09.656Z - success: cocos-analytics loaded
2019-07-17T11:03:09.660Z - success: console loaded
2019-07-17T11:03:09.701Z - success: fb-instant-games loaded
2019-07-17T11:03:09.706Z - success: hierarchy loaded
2019-07-17T11:03:09.709Z - success: inspector loaded
2019-07-17T11:03:09.711Z - success: keystore loaded
2019-07-17T11:03:09.715Z - success: node-library loaded
2019-07-17T11:03:09.716Z - success: package-asset loaded
2019-07-17T11:03:09.718Z - success: preferences loaded
2019-07-17T11:03:09.719Z - success: project-exporter loaded
2019-07-17T11:03:09.740Z - success: project-importer loaded
2019-07-17T11:03:09.742Z - success: project-settings loaded
2019-07-17T11:03:09.745Z - success: ui-kit loaded
2019-07-17T11:03:09.748Z - success: scene loaded
2019-07-17T11:03:09.749Z - success: sprite-editor loaded
2019-07-17T11:03:09.753Z - success: store loaded
2019-07-17T11:03:09.756Z - success: timeline loaded
2019-07-17T11:03:09.756Z - normal: Loading builtin packages
2019-07-17T11:03:09.761Z - success: asset-db-debugger loaded
2019-07-17T11:03:09.850Z - success: code-editor loaded
2019-07-17T11:03:09.851Z - success: color-picker loaded
2019-07-17T11:03:09.852Z - success: jsb-adapter loaded
2019-07-17T11:03:09.855Z - success: package-manager loaded
2019-07-17T11:03:09.963Z - success: qqplay-adapter loaded
2019-07-17T11:03:09.967Z - success: sdkbox loaded
2019-07-17T11:03:09.972Z - success: tester loaded
2019-07-17T11:03:09.974Z - success: ui-grid loaded
2019-07-17T11:03:09.976Z - success: ui-kit-preview-extra loaded
2019-07-17T11:03:09.989Z - success: ui-kit-preview loaded
2019-07-17T11:03:09.991Z - success: ui-tree loaded
2019-07-17T11:03:09.992Z - success: weapp-adapter loaded
2019-07-17T11:03:11.218Z - normal: Loading packages
2019-07-17T11:03:11.227Z - normal: Watching packages
2019-07-17T11:03:11.817Z - normal: Run Application
2019-07-17T11:03:12.722Z - success: preview server running at http://localhost:7456
2019-07-17T11:04:34.877Z - error: TypeError: Cannot read property '_uuid' of null
    at Object.c.linkPrefab (E:\软件\CocosCreator_v2.0.1\resources\app.asar\editor\page\scene-utils\utils\prefab.js:1:4271)
    at cc_Node._onHierarchyChanged (E:\软件\CocosCreator_v2.0.1\resources\engine\bin\.cache\dev\cocos2d\core\utils\base-node.js:634:37)
    at cc_Node._onHierarchyChanged (E:\软件\CocosCreator_v2.0.1\resources\engine\bin\.cache\dev\cocos2d\core\CCNode.js:706:22)
    at cc_Node.setParent (E:\软件\CocosCreator_v2.0.1\resources\engine\bin\.cache\dev\cocos2d\core\utils\base-node.js:219:26)
    at n.createNodeFromClass (E:\软件\CocosCreator_v2.0.1\resources\app.asar\editor\page\scene-utils\utils\scene.js:1:4899)
    at Object.e.createNodeFromClass (E:\软件\CocosCreator_v2.0.1\resources\app.asar\editor\page\scene-utils\utils\node.js:1:4649)
    at Object.createNodeByClassID (E:\软件\CocosCreator_v2.0.1\resources\app.asar\editor\page\scene-utils\utils\scene.js:1:4824)
    at HTMLElement.create-node-by-classid (E:\软件\CocosCreator_v2.0.1\resources\app.asar\editor\builtin\scene\panel\messages\scene-operation.js:1:427)
    at Object.e._dispatch (E:\软件\CocosCreator_v2.0.1\resources\app.asar\editor-framework\lib\renderer\panel.js:1:1941)
    at EventEmitter.o.on.s (E:\软件\CocosCreator_v2.0.1\resources\app.asar\editor-framework\lib\renderer\ipc.js:1:2917)
2019-07-17T11:09:21.668Z - error: TypeError: Cannot read property '_uuid' of null
    at Object.c.linkPrefab (E:\软件\CocosCreator_v2.0.1\resources\app.asar\editor\page\scene-utils\utils\prefab.js:1:4271)
    at cc_Node._onHierarchyChanged (E:\软件\CocosCreator_v2.0.1\resources\engine\bin\.cache\dev\cocos2d\core\utils\base-node.js:634:37)
    at cc_Node._onHierarchyChanged (E:\软件\CocosCreator_v2.0.1\resources\engine\bin\.cache\dev\cocos2d\core\CCNode.js:706:22)
    at cc_Node.setParent (E:\软件\CocosCreator_v2.0.1\resources\engine\bin\.cache\dev\cocos2d\core\utils\base-node.js:219:26)
    at n.createNodeFromClass (E:\软件\CocosCreator_v2.0.1\resources\app.asar\editor\page\scene-utils\utils\scene.js:1:4899)
    at Object.e.createNodeFromClass (E:\软件\CocosCreator_v2.0.1\resources\app.asar\editor\page\scene-utils\utils\node.js:1:4649)
    at Object.createNodeByClassID (E:\软件\CocosCreator_v2.0.1\resources\app.asar\editor\page\scene-utils\utils\scene.js:1:4824)
    at HTMLElement.create-node-by-classid (E:\软件\CocosCreator_v2.0.1\resources\app.asar\editor\builtin\scene\panel\messages\scene-operation.js:1:427)
    at Object.e._dispatch (E:\软件\CocosCreator_v2.0.1\resources\app.asar\editor-framework\lib\renderer\panel.js:1:1941)
    at EventEmitter.o.on.s (E:\软件\CocosCreator_v2.0.1\resources\app.asar\editor-framework\lib\renderer\ipc.js:1:2917)
2019-07-17T11:09:36.888Z - error: TypeError: Cannot read property '_uuid' of null
    at Object.c.linkPrefab (E:\软件\CocosCreator_v2.0.1\resources\app.asar\editor\page\scene-utils\utils\prefab.js:1:4271)
    at cc_Node._onHierarchyChanged (E:\软件\CocosCreator_v2.0.1\resources\engine\bin\.cache\dev\cocos2d\core\utils\base-node.js:634:37)
    at cc_Node._onHierarchyChanged (E:\软件\CocosCreator_v2.0.1\resources\engine\bin\.cache\dev\cocos2d\core\CCNode.js:706:22)
    at cc_Node.setParent (E:\软件\CocosCreator_v2.0.1\resources\engine\bin\.cache\dev\cocos2d\core\utils\base-node.js:219:26)
    at n.createNodeFromAsset (E:\软件\CocosCreator_v2.0.1\resources\app.asar\editor\page\scene-utils\utils\scene.js:1:5334)
    at cc_Prefab.cc.Class.createNode (E:\软件\CocosCreator_v2.0.1\resources\engine\bin\.cache\dev\cocos2d\core\assets\CCPrefab.js:39:17)
    at cc.AssetLibrary.loadAsset (E:\软件\CocosCreator_v2.0.1\resources\app.asar\editor\page\scene-utils\utils\node.js:1:4340)
    at CCLoader.<anonymous> (E:\软件\CocosCreator_v2.0.1\resources\engine\bin\.cache\dev\cocos2d\core\platform\CCAssetLibrary.js:63:25)
    at E:\软件\CocosCreator_v2.0.1\resources\engine\bin\.cache\dev\cocos2d\core\load-pipeline\CCLoader.js:134:46
    at E:\软件\CocosCreator_v2.0.1\resources\engine\bin\.cache\dev\cocos2d\core\platform\utils.js:48:25
2019-07-17T11:41:33.404Z - error: TypeError: Cannot read property '_uuid' of null
    at Object.c.linkPrefab (E:\软件\CocosCreator_v2.0.1\resources\app.asar\editor\page\scene-utils\utils\prefab.js:1:4271)
    at cc_Node._onHierarchyChanged (E:\软件\CocosCreator_v2.0.1\resources\engine\bin\.cache\dev\cocos2d\core\utils\base-node.js:628:45)
    at cc_Node._onHierarchyChanged (E:\软件\CocosCreator_v2.0.1\resources\engine\bin\.cache\dev\cocos2d\core\CCNode.js:706:22)
    at cc_Node.setParent (E:\软件\CocosCreator_v2.0.1\resources\engine\bin\.cache\dev\cocos2d\core\utils\base-node.js:219:26)
    at n.createNodeFromAsset (E:\软件\CocosCreator_v2.0.1\resources\app.asar\editor\page\scene-utils\utils\scene.js:1:687)
    at cc_Prefab.cc.Class.createNode (E:\软件\CocosCreator_v2.0.1\resources\engine\bin\.cache\dev\cocos2d\core\assets\CCPrefab.js:39:17)
    at cc.AssetLibrary.loadAsset (E:\软件\CocosCreator_v2.0.1\resources\app.asar\editor\page\scene-utils\utils\node.js:1:4340)
    at CCLoader.<anonymous> (E:\软件\CocosCreator_v2.0.1\resources\engine\bin\.cache\dev\cocos2d\core\platform\CCAssetLibrary.js:63:25)
    at E:\软件\CocosCreator_v2.0.1\resources\engine\bin\.cache\dev\cocos2d\core\load-pipeline\CCLoader.js:134:46
    at E:\软件\CocosCreator_v2.0.1\resources\engine\bin\.cache\dev\cocos2d\core\platform\utils.js:48:25
2019-07-17T12:32:10.403Z - info: shutdown preview server
